2025-02-24 19:02:35 [main] INFO  com.mygym.crm.backstages.persistence.daos.traineedao.TraineeDaoImpl - Trainee created successfully with ID: 100
2025-02-24 19:05:33 [main] INFO  com.mygym.crm.backstages.persistence.daos.traineedao.TraineeDaoImpl - Trainee created successfully with ID: 100
2025-02-24 19:05:33 [main] WARN  com.mygym.crm.backstages.persistence.daos.traineedao.TraineeDaoImpl - Trainee already exists with ID: 100
2025-02-24 19:05:44 [main] INFO  com.mygym.crm.backstages.persistence.daos.traineedao.TraineeDaoImpl - Trainee created successfully with ID: 100
2025-02-24 19:05:44 [main] WARN  com.mygym.crm.backstages.persistence.daos.traineedao.TraineeDaoImpl - Trainee already exists with ID: 100
2025-02-24 19:05:44 [main] WARN  com.mygym.crm.backstages.persistence.daos.traineedao.TraineeDaoImpl - Trainee already exists with ID: 100
2025-02-24 19:06:19 [main] INFO  com.mygym.crm.backstages.persistence.daos.traineedao.TraineeDaoImpl - Trainee created successfully with ID: 100
2025-02-24 19:06:19 [main] WARN  com.mygym.crm.backstages.persistence.daos.traineedao.TraineeDaoImpl - Trainee already exists with ID: 100
2025-02-24 19:06:19 [main] INFO  com.mygym.crm.backstages.persistence.daos.traineedao.TraineeDaoImpl - Trainee created successfully with ID: 30
2025-02-24 19:07:02 [main] INFO  com.mygym.crm.backstages.persistence.daos.traineedao.TraineeDaoImpl - Trainee created successfully with ID: 100
2025-02-24 19:07:02 [main] WARN  com.mygym.crm.backstages.persistence.daos.traineedao.TraineeDaoImpl - Trainee already exists with ID: 100
2025-02-24 19:07:02 [main] WARN  com.mygym.crm.backstages.persistence.daos.traineedao.TraineeDaoImpl - Trainee already exists with ID: 100
2025-02-24 19:07:18 [main] WARN  com.mygym.crm.backstages.persistence.daos.traineedao.TraineeDaoImpl - Trainee already exists with ID: 1
2025-02-24 19:10:43 [main] INFO  com.mygym.crm.backstages.persistence.daos.traineedao.TraineeDaoImpl - Trainee created successfully with ID: 100
2025-02-24 19:10:43 [main] WARN  com.mygym.crm.backstages.persistence.daos.traineedao.TraineeDaoImpl - Trainee already exists with ID: 100
2025-02-24 19:10:43 [main] INFO  com.mygym.crm.backstages.persistence.daos.traineedao.TraineeDaoImpl - Trainee created successfully with ID: 1
2025-02-24 19:15:20 [main] INFO  com.mygym.crm.backstages.persistence.daos.traineedao.TraineeDaoImpl - Trainee created successfully with ID: 1
2025-02-24 19:15:20 [main] INFO  com.mygym.crm.backstages.persistence.daos.traineedao.TraineeDaoImpl - Trainee created successfully with ID: 1
2025-02-24 19:15:58 [main] INFO  com.mygym.crm.backstages.persistence.daos.traineedao.TraineeDaoImpl - Trainee created successfully with ID: 1
2025-02-24 19:15:58 [main] WARN  com.mygym.crm.backstages.persistence.daos.traineedao.TraineeDaoImpl - Trainee already exists with ID: 1
2025-02-24 19:16:07 [main] INFO  com.mygym.crm.backstages.persistence.daos.traineedao.TraineeDaoImpl - Trainee created successfully with ID: 1
2025-02-24 19:16:07 [main] WARN  com.mygym.crm.backstages.persistence.daos.traineedao.TraineeDaoImpl - Trainee already exists with ID: 1
2025-02-24 19:16:07 [main] INFO  com.mygym.crm.backstages.persistence.daos.traineedao.TraineeDaoImpl - Trainee created successfully with ID: 1
2025-02-24 19:18:41 [main] INFO  com.mygym.crm.backstages.persistence.daos.traineedao.TraineeDaoImpl - Trainee created successfully with ID: 1
2025-02-24 19:18:41 [main] INFO  com.mygym.crm.backstages.persistence.daos.traineedao.TraineeDaoImpl - Trainee updated successfully: 1
2025-02-24 19:19:33 [main] WARN  com.mygym.crm.backstages.persistence.daos.traineedao.TraineeDaoImpl - Trainee with ID 2 does not exist, cant update
2025-02-24 19:19:41 [main] INFO  com.mygym.crm.backstages.persistence.daos.traineedao.TraineeDaoImpl - Trainee created successfully with ID: 1
2025-02-24 19:19:41 [main] WARN  com.mygym.crm.backstages.persistence.daos.traineedao.TraineeDaoImpl - Trainee already exists with ID: 1
2025-02-24 19:19:41 [main] INFO  com.mygym.crm.backstages.persistence.daos.traineedao.TraineeDaoImpl - Trainee created successfully with ID: 1
2025-02-24 19:19:41 [main] WARN  com.mygym.crm.backstages.persistence.daos.traineedao.TraineeDaoImpl - Trainee with ID 2 does not exist, cant update
2025-02-24 19:19:41 [main] INFO  com.mygym.crm.backstages.persistence.daos.traineedao.TraineeDaoImpl - Trainee created successfully with ID: 1
2025-02-24 19:19:41 [main] INFO  com.mygym.crm.backstages.persistence.daos.traineedao.TraineeDaoImpl - Trainee updated successfully: 1
2025-02-24 19:20:22 [main] WARN  com.mygym.crm.backstages.persistence.daos.traineedao.TraineeDaoImpl - Trainee with ID 1 does not exist, cant delete
2025-02-24 19:22:16 [main] INFO  com.mygym.crm.backstages.persistence.daos.traineedao.TraineeDaoImpl - Trainee updated successfully: 1
2025-02-24 19:22:36 [main] INFO  com.mygym.crm.backstages.persistence.daos.traineedao.TraineeDaoImpl - Trainee deleted successfully: 1
2025-02-24 19:23:37 [main] INFO  com.mygym.crm.backstages.persistence.daos.traineedao.TraineeDaoImpl - Trainee created successfully with ID: 1
2025-02-24 19:23:37 [main] WARN  com.mygym.crm.backstages.persistence.daos.traineedao.TraineeDaoImpl - Trainee already exists with ID: 1
2025-02-24 19:23:37 [main] WARN  com.mygym.crm.backstages.persistence.daos.traineedao.TraineeDaoImpl - Trainee with ID 2 does not exist, cant be found
2025-02-24 19:23:37 [main] INFO  com.mygym.crm.backstages.persistence.daos.traineedao.TraineeDaoImpl - Trainee found successfully: 1
2025-02-24 19:23:37 [main] WARN  com.mygym.crm.backstages.persistence.daos.traineedao.TraineeDaoImpl - Trainee with ID 2 does not exist, cant delete
2025-02-24 19:23:37 [main] INFO  com.mygym.crm.backstages.persistence.daos.traineedao.TraineeDaoImpl - Trainee deleted successfully: 1
2025-02-24 19:23:37 [main] INFO  com.mygym.crm.backstages.persistence.daos.traineedao.TraineeDaoImpl - Trainee created successfully with ID: 1
2025-02-24 19:23:37 [main] WARN  com.mygym.crm.backstages.persistence.daos.traineedao.TraineeDaoImpl - Trainee with ID 2 does not exist, cant update
2025-02-24 19:23:37 [main] INFO  com.mygym.crm.backstages.persistence.daos.traineedao.TraineeDaoImpl - Trainee updated successfully: 1
2025-02-24 19:29:55 [main] WARN  com.mygym.crm.backstages.persistence.daos.trainerdao.TrainerDaoImpl - Trainer with ID 2 does not exist, cant update
2025-02-24 19:29:55 [main] INFO  com.mygym.crm.backstages.persistence.daos.trainerdao.TrainerDaoImpl - Trainer deleted successfully: 1
2025-02-24 19:29:55 [main] INFO  com.mygym.crm.backstages.persistence.daos.trainerdao.TrainerDaoImpl - Trainer created successfully with ID: 1
2025-02-24 19:29:55 [main] INFO  com.mygym.crm.backstages.persistence.daos.trainerdao.TrainerDaoImpl - Trainer updated successfully: 1
2025-02-24 19:29:55 [main] WARN  com.mygym.crm.backstages.persistence.daos.trainerdao.TrainerDaoImpl - Trainer with ID 2 does not exist, cant be found
2025-02-24 19:29:55 [main] INFO  com.mygym.crm.backstages.persistence.daos.trainerdao.TrainerDaoImpl - Trainer created successfully with ID: 1
2025-02-24 19:29:55 [main] WARN  com.mygym.crm.backstages.persistence.daos.trainerdao.TrainerDaoImpl - Trainer already exists with ID: 1
2025-02-24 19:29:55 [main] INFO  com.mygym.crm.backstages.persistence.daos.trainerdao.TrainerDaoImpl - Trainer found successfully: 1
2025-02-24 19:29:55 [main] WARN  com.mygym.crm.backstages.persistence.daos.trainerdao.TrainerDaoImpl - Trainer with ID 2 does not exist, cant delete
2025-02-24 19:47:40 [main] INFO  com.mygym.crm.backstages.persistence.daos.trainingdao.TrainingDaoImpl - Training created successfully with ID: TrainingKey(traineeId=1, trainerId=2)
2025-02-24 19:47:40 [main] INFO  com.mygym.crm.backstages.persistence.daos.trainingdao.TrainingDaoImpl - Training created successfully with ID: TrainingKey(traineeId=1, trainerId=2)
2025-02-24 19:47:40 [main] WARN  com.mygym.crm.backstages.persistence.daos.trainingdao.TrainingDaoImpl - Training already exists with ID: TrainingKey(traineeId=1, trainerId=2)
2025-02-24 19:50:08 [main] INFO  com.mygym.crm.backstages.persistence.daos.trainingdao.TrainingDaoImpl - Training updated successfully: TrainingKey(traineeId=1, trainerId=2)
2025-02-24 19:51:38 [main] WARN  com.mygym.crm.backstages.persistence.daos.trainingdao.TrainingDaoImpl - Training with ID TrainingKey(traineeId=2, trainerId=2) does not exist, cant update
2025-02-24 19:52:22 [main] INFO  com.mygym.crm.backstages.persistence.daos.trainingdao.TrainingDaoImpl - Training deleted successfully: TrainingKey(traineeId=1, trainerId=2)
2025-02-24 19:53:00 [main] INFO  com.mygym.crm.backstages.persistence.daos.trainingdao.TrainingDaoImpl - Trainer found successfully: TrainingKey(traineeId=1, trainerId=2)
2025-02-24 19:53:24 [main] INFO  com.mygym.crm.backstages.persistence.daos.trainingdao.TrainingDaoImpl - Trainer found successfully: TrainingKey(traineeId=1, trainerId=2)
2025-02-24 19:53:24 [main] INFO  com.mygym.crm.backstages.persistence.daos.trainingdao.TrainingDaoImpl - Training created successfully with ID: TrainingKey(traineeId=1, trainerId=2)
2025-02-24 19:53:24 [main] INFO  com.mygym.crm.backstages.persistence.daos.trainingdao.TrainingDaoImpl - Training created successfully with ID: TrainingKey(traineeId=1, trainerId=2)
2025-02-24 19:53:24 [main] WARN  com.mygym.crm.backstages.persistence.daos.trainingdao.TrainingDaoImpl - Training already exists with ID: TrainingKey(traineeId=1, trainerId=2)
2025-02-24 19:53:24 [main] WARN  com.mygym.crm.backstages.persistence.daos.trainingdao.TrainingDaoImpl - Training with ID TrainingKey(traineeId=2, trainerId=2) does not exist, cant delete
2025-02-24 19:53:24 [main] WARN  com.mygym.crm.backstages.persistence.daos.trainingdao.TrainingDaoImpl - Training with ID TrainingKey(traineeId=2, trainerId=2) does not exist, cant update
2025-02-24 19:53:24 [main] INFO  com.mygym.crm.backstages.persistence.daos.trainingdao.TrainingDaoImpl - Training deleted successfully: TrainingKey(traineeId=1, trainerId=2)
2025-02-24 19:53:24 [main] INFO  com.mygym.crm.backstages.persistence.daos.trainingdao.TrainingDaoImpl - Training updated successfully: TrainingKey(traineeId=1, trainerId=2)
2025-02-24 19:53:24 [main] WARN  com.mygym.crm.backstages.persistence.daos.trainingdao.TrainingDaoImpl - Trainer with ID TrainingKey(traineeId=2, trainerId=2) does not exist, cant be found
2025-02-24 20:11:06 [main] INFO  com.mygym.crm.backstages.persistence.daos.traineedao.TraineeDaoImpl - Trainee created successfully with ID: 20
2025-02-24 20:11:06 [main] INFO  com.mygym.crm.backstages.persistence.daos.traineedao.TraineeDaoImpl - Trainee found successfully: 1
2025-02-24 20:12:02 [main] INFO  com.mygym.crm.backstages.persistence.daos.traineedao.TraineeDaoImpl - Trainee created successfully with ID: 20
2025-02-24 20:12:02 [main] WARN  com.mygym.crm.backstages.persistence.daos.traineedao.TraineeDaoImpl - Trainee with ID 1 does not exist, cant be found
2025-02-24 20:14:00 [main] INFO  com.mygym.crm.backstages.persistence.daos.traineedao.TraineeDaoImpl - Trainee created successfully with ID: 20
2025-02-24 20:14:00 [main] INFO  com.mygym.crm.backstages.persistence.daos.traineedao.TraineeDaoImpl - Trainee found successfully: 20
2025-02-24 20:18:06 [main] INFO  com.mygym.crm.backstages.persistence.daos.traineedao.TraineeDaoImpl - Trainee created successfully with ID: 1
2025-02-24 20:18:06 [main] INFO  com.mygym.crm.backstages.persistence.daos.traineedao.TraineeDaoImpl - Trainee found successfully: 1
2025-02-24 20:18:06 [main] INFO  com.mygym.crm.backstages.persistence.daos.traineedao.TraineeDaoImpl - Trainee updated successfully: 1
2025-02-24 20:18:06 [main] INFO  com.mygym.crm.backstages.persistence.daos.traineedao.TraineeDaoImpl - Trainee found successfully: 1
2025-02-24 20:18:33 [main] INFO  com.mygym.crm.backstages.persistence.daos.traineedao.TraineeDaoImpl - Trainee created successfully with ID: 1
2025-02-24 20:18:33 [main] INFO  com.mygym.crm.backstages.persistence.daos.traineedao.TraineeDaoImpl - Trainee found successfully: 1
2025-02-24 20:18:33 [main] INFO  com.mygym.crm.backstages.persistence.daos.traineedao.TraineeDaoImpl - Trainee updated successfully: 1
2025-02-24 20:18:33 [main] INFO  com.mygym.crm.backstages.persistence.daos.traineedao.TraineeDaoImpl - Trainee found successfully: 1
2025-02-24 20:19:57 [main] WARN  com.mygym.crm.backstages.persistence.daos.traineedao.TraineeDaoImpl - Trainee with ID 999 does not exist, cant be found
2025-02-24 20:19:57 [main] INFO  com.mygym.crm.backstages.persistence.daos.traineedao.TraineeDaoImpl - Trainee created successfully with ID: 1
2025-02-24 20:19:57 [main] INFO  com.mygym.crm.backstages.persistence.daos.traineedao.TraineeDaoImpl - Trainee found successfully: 1
2025-02-24 20:19:57 [main] INFO  com.mygym.crm.backstages.persistence.daos.traineedao.TraineeDaoImpl - Trainee created successfully with ID: 1
2025-02-24 20:19:57 [main] INFO  com.mygym.crm.backstages.persistence.daos.traineedao.TraineeDaoImpl - Trainee deleted successfully: 1
2025-02-24 20:19:57 [main] WARN  com.mygym.crm.backstages.persistence.daos.traineedao.TraineeDaoImpl - Trainee with ID 1 does not exist, cant be found
2025-02-24 20:19:57 [main] INFO  com.mygym.crm.backstages.persistence.daos.traineedao.TraineeDaoImpl - Trainee created successfully with ID: 1
2025-02-24 20:19:57 [main] INFO  com.mygym.crm.backstages.persistence.daos.traineedao.TraineeDaoImpl - Trainee found successfully: 1
2025-02-24 20:19:57 [main] INFO  com.mygym.crm.backstages.persistence.daos.traineedao.TraineeDaoImpl - Trainee created successfully with ID: 1
2025-02-24 20:19:57 [main] INFO  com.mygym.crm.backstages.persistence.daos.traineedao.TraineeDaoImpl - Trainee found successfully: 1
2025-02-24 20:19:57 [main] INFO  com.mygym.crm.backstages.persistence.daos.traineedao.TraineeDaoImpl - Trainee updated successfully: 1
2025-02-24 20:19:57 [main] INFO  com.mygym.crm.backstages.persistence.daos.traineedao.TraineeDaoImpl - Trainee found successfully: 1
2025-02-24 20:19:57 [main] WARN  com.mygym.crm.backstages.persistence.daos.traineedao.TraineeDaoImpl - Trainee with ID 2 does not exist, cant be found
2025-02-24 20:21:59 [main] WARN  com.mygym.crm.backstages.persistence.daos.traineedao.TraineeDaoImpl - Trainee with ID 999 does not exist, cant be found
2025-02-24 20:21:59 [main] INFO  com.mygym.crm.backstages.persistence.daos.traineedao.TraineeDaoImpl - Trainee created successfully with ID: 1
2025-02-24 20:21:59 [main] INFO  com.mygym.crm.backstages.persistence.daos.traineedao.TraineeDaoImpl - Trainee found successfully: 1
2025-02-24 20:21:59 [main] INFO  com.mygym.crm.backstages.persistence.daos.traineedao.TraineeDaoImpl - Trainee created successfully with ID: 1
2025-02-24 20:21:59 [main] INFO  com.mygym.crm.backstages.persistence.daos.traineedao.TraineeDaoImpl - Trainee deleted successfully: 1
2025-02-24 20:21:59 [main] WARN  com.mygym.crm.backstages.persistence.daos.traineedao.TraineeDaoImpl - Trainee with ID 1 does not exist, cant be found
2025-02-24 20:21:59 [main] INFO  com.mygym.crm.backstages.persistence.daos.traineedao.TraineeDaoImpl - Trainee created successfully with ID: 1
2025-02-24 20:21:59 [main] INFO  com.mygym.crm.backstages.persistence.daos.traineedao.TraineeDaoImpl - Trainee found successfully: 1
2025-02-24 20:21:59 [main] INFO  com.mygym.crm.backstages.persistence.daos.traineedao.TraineeDaoImpl - Trainee created successfully with ID: 1
2025-02-24 20:21:59 [main] INFO  com.mygym.crm.backstages.persistence.daos.traineedao.TraineeDaoImpl - Trainee found successfully: 1
2025-02-24 20:21:59 [main] INFO  com.mygym.crm.backstages.persistence.daos.traineedao.TraineeDaoImpl - Trainee updated successfully: 1
2025-02-24 20:21:59 [main] INFO  com.mygym.crm.backstages.persistence.daos.traineedao.TraineeDaoImpl - Trainee found successfully: 1
2025-02-24 20:21:59 [main] WARN  com.mygym.crm.backstages.persistence.daos.traineedao.TraineeDaoImpl - Trainee with ID 2 does not exist, cant be found
2025-02-24 20:23:38 [main] WARN  com.mygym.crm.backstages.persistence.daos.trainerdao.TrainerDaoImpl - Trainer with ID 2 does not exist, cant update
2025-02-24 20:23:38 [main] INFO  com.mygym.crm.backstages.persistence.daos.trainerdao.TrainerDaoImpl - Trainer deleted successfully: 1
2025-02-24 20:23:38 [main] INFO  com.mygym.crm.backstages.persistence.daos.trainerdao.TrainerDaoImpl - Trainer created successfully with ID: 1
2025-02-24 20:23:38 [main] INFO  com.mygym.crm.backstages.persistence.daos.trainerdao.TrainerDaoImpl - Trainer updated successfully: 1
2025-02-24 20:23:38 [main] WARN  com.mygym.crm.backstages.persistence.daos.trainerdao.TrainerDaoImpl - Trainer with ID 2 does not exist, cant be found
2025-02-24 20:23:38 [main] INFO  com.mygym.crm.backstages.persistence.daos.trainerdao.TrainerDaoImpl - Trainer created successfully with ID: 1
2025-02-24 20:23:38 [main] WARN  com.mygym.crm.backstages.persistence.daos.trainerdao.TrainerDaoImpl - Trainer already exists with ID: 1
2025-02-24 20:23:38 [main] INFO  com.mygym.crm.backstages.persistence.daos.trainerdao.TrainerDaoImpl - Trainer found successfully: 1
2025-02-24 20:23:38 [main] WARN  com.mygym.crm.backstages.persistence.daos.trainerdao.TrainerDaoImpl - Trainer with ID 2 does not exist, cant delete
2025-02-24 20:27:39 [main] INFO  com.mygym.crm.backstages.persistence.daos.trainerdao.TrainerDaoImpl - Trainer created successfully with ID: 1
2025-02-24 20:27:39 [main] INFO  com.mygym.crm.backstages.persistence.daos.trainerdao.TrainerDaoImpl - Trainer found successfully: 1
2025-02-24 20:27:39 [main] WARN  com.mygym.crm.backstages.persistence.daos.trainerdao.TrainerDaoImpl - Trainer with ID 999 does not exist, cant be found
2025-02-24 20:27:39 [main] INFO  com.mygym.crm.backstages.persistence.daos.trainerdao.TrainerDaoImpl - Trainer created successfully with ID: 1
2025-02-24 20:27:39 [main] INFO  com.mygym.crm.backstages.persistence.daos.trainerdao.TrainerDaoImpl - Trainer found successfully: 1
2025-02-24 20:27:39 [main] INFO  com.mygym.crm.backstages.persistence.daos.trainerdao.TrainerDaoImpl - Trainer created successfully with ID: 1
2025-02-24 20:27:39 [main] INFO  com.mygym.crm.backstages.persistence.daos.trainerdao.TrainerDaoImpl - Trainer found successfully: 1
2025-02-24 20:27:39 [main] INFO  com.mygym.crm.backstages.persistence.daos.trainerdao.TrainerDaoImpl - Trainer updated successfully: 1
2025-02-24 20:27:39 [main] INFO  com.mygym.crm.backstages.persistence.daos.trainerdao.TrainerDaoImpl - Trainer found successfully: 1
2025-02-24 20:27:39 [main] WARN  com.mygym.crm.backstages.persistence.daos.trainerdao.TrainerDaoImpl - Trainer with ID 2 does not exist, cant be found
2025-02-24 20:28:25 [main] WARN  com.mygym.crm.backstages.persistence.daos.traineedao.TraineeDaoImpl - Trainee with ID 2 does not exist, cant be found
2025-02-24 20:28:41 [main] WARN  com.mygym.crm.backstages.persistence.daos.trainerdao.TrainerDaoImpl - Trainer with ID 2 does not exist, cant be found
2025-02-24 20:29:24 [main] WARN  com.mygym.crm.backstages.persistence.daos.trainerdao.TrainerDaoImpl - Trainer with ID 2 does not exist, cant be found
2025-02-24 20:29:39 [main] INFO  com.mygym.crm.backstages.persistence.daos.trainerdao.TrainerDaoImpl - Trainer created successfully with ID: 1
2025-02-24 20:29:39 [main] INFO  com.mygym.crm.backstages.persistence.daos.trainerdao.TrainerDaoImpl - Trainer found successfully: 1
2025-02-24 20:29:39 [main] WARN  com.mygym.crm.backstages.persistence.daos.trainerdao.TrainerDaoImpl - Trainer with ID 999 does not exist, cant be found
2025-02-24 20:29:39 [main] INFO  com.mygym.crm.backstages.persistence.daos.trainerdao.TrainerDaoImpl - Trainer created successfully with ID: 1
2025-02-24 20:29:39 [main] INFO  com.mygym.crm.backstages.persistence.daos.trainerdao.TrainerDaoImpl - Trainer found successfully: 1
2025-02-24 20:29:39 [main] INFO  com.mygym.crm.backstages.persistence.daos.trainerdao.TrainerDaoImpl - Trainer created successfully with ID: 1
2025-02-24 20:29:39 [main] INFO  com.mygym.crm.backstages.persistence.daos.trainerdao.TrainerDaoImpl - Trainer found successfully: 1
2025-02-24 20:29:39 [main] INFO  com.mygym.crm.backstages.persistence.daos.trainerdao.TrainerDaoImpl - Trainer updated successfully: 1
2025-02-24 20:29:39 [main] INFO  com.mygym.crm.backstages.persistence.daos.trainerdao.TrainerDaoImpl - Trainer found successfully: 1
2025-02-24 20:29:39 [main] WARN  com.mygym.crm.backstages.persistence.daos.trainerdao.TrainerDaoImpl - Trainer with ID 2 does not exist, cant be found
2025-02-24 20:36:57 [main] WARN  com.mygym.crm.backstages.persistence.daos.trainingdao.TrainingDaoImpl - Trainer with ID TrainingKey(traineeId=2, trainerId=2) does not exist, cant be found
2025-02-24 20:36:57 [main] INFO  com.mygym.crm.backstages.persistence.daos.trainingdao.TrainingDaoImpl - Training created successfully with ID: TrainingKey(traineeId=1, trainerId=2)
2025-02-24 20:36:57 [main] INFO  com.mygym.crm.backstages.persistence.daos.trainingdao.TrainingDaoImpl - Trainer found successfully: TrainingKey(traineeId=1, trainerId=2)
2025-02-24 20:36:57 [main] INFO  com.mygym.crm.backstages.persistence.daos.trainingdao.TrainingDaoImpl - Training created successfully with ID: TrainingKey(traineeId=1, trainerId=2)
2025-02-24 20:36:57 [main] INFO  com.mygym.crm.backstages.persistence.daos.trainingdao.TrainingDaoImpl - Trainer found successfully: TrainingKey(traineeId=1, trainerId=2)
