2025-02-23 21:12:21 [main] INFO  com.mygym.crm.backstages.core.services.TraineeServiceIMPL - Trying to find Trainee with ID: 6
2025-02-23 21:12:21 [main] INFO  com.mygym.crm.backstages.core.services.TraineeServiceIMPL - New Trainee, populating it with given traineeDTO
2025-02-23 21:12:21 [main] INFO  com.mygym.crm.backstages.core.services.TraineeServiceIMPL - New Trainee has been successfully populated with given traineeDTO
2025-02-23 21:12:21 [main] INFO  com.mygym.crm.backstages.core.services.TraineeServiceIMPL - new Trainee set with ID: 20
2025-02-23 21:12:21 [main] INFO  com.mygym.crm.backstages.core.services.TraineeServiceIMPL - new Trainee password has been created
2025-02-23 21:12:21 [main] INFO  com.mygym.crm.backstages.core.services.TraineeServiceIMPL - new Trainee userName has been created
2025-02-23 21:12:21 [main] INFO  com.mygym.crm.backstages.core.services.TraineeServiceIMPL - Trying to create new trainee with ID: 21
2025-02-23 21:12:21 [main] INFO  com.mygym.crm.backstages.core.services.TraineeServiceIMPL - new Trainee created with ID: 21
2025-02-23 21:12:21 [main] INFO  com.mygym.crm.backstages.core.services.TraineeServiceIMPL - Trying to find Trainee with ID: 6
2025-02-23 21:12:21 [main] INFO  com.mygym.crm.backstages.core.services.TraineeServiceIMPL - New Trainee, populating it with given traineeDTO
2025-02-23 21:12:21 [main] INFO  com.mygym.crm.backstages.core.services.TraineeServiceIMPL - New Trainee has been successfully populated with given traineeDTO
2025-02-23 21:12:21 [main] INFO  com.mygym.crm.backstages.core.services.TraineeServiceIMPL - Setting with old UserId Password and UserName
2025-02-23 21:12:21 [main] INFO  com.mygym.crm.backstages.core.services.TraineeServiceIMPL - new Trainee set with: ID: 21 has been set successfully
2025-02-23 21:12:21 [main] INFO  com.mygym.crm.backstages.core.services.TraineeServiceIMPL - Trying to update Trainee with ID: 6
2025-02-23 21:12:21 [main] INFO  com.mygym.crm.backstages.core.services.TraineeServiceIMPL - Trying to delete Trainee with ID: 6
2025-02-23 21:12:21 [main] INFO  com.mygym.crm.backstages.core.services.TrainerServiceIMPL - Trying to find Trainer with ID: 18
2025-02-23 21:12:21 [main] INFO  com.mygym.crm.backstages.core.services.TrainerServiceIMPL - New Trainer, populating it with given trainerDTO
2025-02-23 21:12:21 [main] INFO  com.mygym.crm.backstages.core.services.TrainerServiceIMPL - New Trainer has been successfully populated with given trainerDTO
2025-02-23 21:12:21 [main] INFO  com.mygym.crm.backstages.core.services.TrainerServiceIMPL - new Trainer set with: ID: 21
2025-02-23 21:12:21 [main] INFO  com.mygym.crm.backstages.core.services.TrainerServiceIMPL - new Trainer password has been created
2025-02-23 21:12:21 [main] INFO  com.mygym.crm.backstages.core.services.TrainerServiceIMPL - new Trainer userName has been created
2025-02-23 21:12:21 [main] INFO  com.mygym.crm.backstages.core.services.TrainerServiceIMPL - Trying to create new Trainer with ID: 22
2025-02-23 21:12:21 [main] INFO  com.mygym.crm.backstages.core.services.TrainerServiceIMPL - new Trainer created with: ID: 22
2025-02-23 21:12:21 [main] INFO  com.mygym.crm.backstages.core.services.TrainerServiceIMPL - Trying to find Trainer with ID: 18
2025-02-23 21:12:21 [main] INFO  com.mygym.crm.backstages.core.services.TrainerServiceIMPL - New Trainer, populating it with given trainerDTO
2025-02-23 21:12:21 [main] INFO  com.mygym.crm.backstages.core.services.TrainerServiceIMPL - New Trainer has been successfully populated with given trainerDTO
2025-02-23 21:12:21 [main] INFO  com.mygym.crm.backstages.core.services.TrainerServiceIMPL - Setting with old UserId Password and UserName
2025-02-23 21:12:21 [main] INFO  com.mygym.crm.backstages.core.services.TrainerServiceIMPL - new Trainer set with: ID: 22 has been set successfully
2025-02-23 21:12:21 [main] INFO  com.mygym.crm.backstages.core.services.TrainerServiceIMPL - Trying to update Trainer with ID: 18
