2025-03-02 13:52:23 [main] INFO  com.mygym.crm.backstages.ApplicationFacade - Trying to get a trainee by id: 6
2025-03-02 13:52:23 [main] INFO  com.mygym.crm.backstages.ApplicationFacade - Trying to create new trainee
2025-03-02 13:52:23 [main] INFO  com.mygym.crm.backstages.ApplicationFacade - Trying to update trainee with id 6
2025-03-02 13:52:23 [main] INFO  com.mygym.crm.backstages.ApplicationFacade - Trying to delete trainee with id 6
2025-03-02 13:52:23 [main] INFO  com.mygym.crm.backstages.ApplicationFacade - Trying to get a trainer by id: 18
2025-03-02 13:52:23 [main] INFO  com.mygym.crm.backstages.ApplicationFacade - Trying to create new trainer
2025-03-02 13:52:23 [main] INFO  com.mygym.crm.backstages.ApplicationFacade - Trying to update trainer with id 18
2025-03-02 13:52:23 [main] INFO  com.mygym.crm.backstages.ApplicationFacade - Trying to get a training by trainingKey: TrainingKey(traineeId=6, trainerId=18)
2025-03-02 20:17:50 [main] INFO  com.mygym.crm.backstages.ApplicationFacade - Trying to get a trainee by id: 6
2025-03-02 20:17:50 [main] ERROR com.mygym.crm.backstages.ApplicationFacade - No trainee present with id: 6
2025-03-02 20:32:53 [main] INFO  com.mygym.crm.backstages.ApplicationFacade - Trying to get a trainee by id: 6
2025-03-02 20:32:53 [main] ERROR com.mygym.crm.backstages.ApplicationFacade - No trainee present with id: 6
2025-03-02 20:34:26 [main] INFO  com.mygym.crm.backstages.ApplicationFacade - Trying to get a trainee by id: 1
2025-03-02 20:34:26 [main] ERROR com.mygym.crm.backstages.ApplicationFacade - No trainee present with id: 1
2025-03-02 20:42:05 [main] INFO  com.mygym.crm.backstages.ApplicationFacade - Trying to create new trainee
2025-03-02 20:42:05 [main] INFO  com.mygym.crm.backstages.ApplicationFacade - Trying to get a trainee by id: 1
2025-03-02 20:42:05 [main] ERROR com.mygym.crm.backstages.ApplicationFacade - No trainee present with id: 1
2025-03-02 20:54:58 [main] INFO  com.mygym.crm.backstages.ApplicationFacade - Trying to create new trainee
2025-03-02 20:55:43 [main] INFO  com.mygym.crm.backstages.ApplicationFacade - Trying to create new trainee
2025-03-03 17:06:55 [main] INFO  com.mygym.crm.backstages.ApplicationFacade - Trying to create new trainee
2025-03-03 17:13:59 [main] INFO  com.mygym.crm.backstages.ApplicationFacade - Trying to create new trainee
2025-03-03 17:16:03 [main] INFO  com.mygym.crm.backstages.ApplicationFacade - Trying to create new trainee
2025-03-03 17:16:56 [main] INFO  com.mygym.crm.backstages.ApplicationFacade - Trying to create new trainee
2025-03-03 17:19:47 [main] INFO  com.mygym.crm.backstages.ApplicationFacade - Trying to create new trainee
2025-03-03 17:20:00 [main] INFO  com.mygym.crm.backstages.ApplicationFacade - Trying to create new trainee
